<?xml version="1.0" encoding="UTF-8"?>
<persistence xmlns="http://java.sun.com/xml/ns/persistence" version="2.0">
    <persistence-unit name="terminplanerPU" transaction-type="JTA">
        <jta-data-source>java:/jdbc/plaani_test</jta-data-source>
        <exclude-unlisted-classes>false</exclude-unlisted-classes>
        <properties>
            <property name="hibernate.hbm2ddl.auto" value="create"/>
        </properties>
    </persistence-unit>
</persistence>